<?xml version="1.0" encoding="UTF-8"?>
<!-- Generated by org.testng.reporters.JUnitXMLReporter -->
<testsuite hostname="MAK-MVECINA" ignored="0" name="Default test" tests="17" failures="0" timestamp="18 Dec 2017 12:53:09 GMT" time="4.892" errors="0">
  <testcase name="goToLoginPage" time="1.369" classname="com.selenium.TestNGLoginLogout"/>
  <testcase name="loginUser" time="1.99" classname="com.selenium.TestNGLoginLogout"/>
  <testcase name="verifyLogin" time="0.157" classname="com.selenium.TestNGLoginLogout"/>
  <testcase name="logoutUser" time="1.166" classname="com.selenium.TestNGLoginLogout"/>
  <testcase name="verifyLogout" time="0.15" classname="com.selenium.TestNGLoginLogout"/>
  <testcase name="otherTC1" time="0.001" classname="com.selenium.TestNGLoginLogout"/>
  <testcase name="otherTC2" time="0.002" classname="com.selenium.TestNGLoginLogout"/>
  <testcase name="otherTC3" time="0.001" classname="com.selenium.TestNGLoginLogout"/>
  <testcase name="otherTC4" time="0.001" classname="com.selenium.TestNGLoginLogout"/>
  <testcase name="otherTC5" time="0.001" classname="com.selenium.TestNGLoginLogout"/>
  <testcase name="otherTC6" time="0.001" classname="com.selenium.TestNGLoginLogout"/>
  <testcase name="otherTC7" time="0.0" classname="com.selenium.TestNGLoginLogout"/>
  <testcase name="otherTC8" time="0.001" classname="com.selenium.TestNGLoginLogout"/>
  <testcase name="otherTC9" time="0.001" classname="com.selenium.TestNGLoginLogout"/>
  <testcase name="otherTC10" time="0.002" classname="com.selenium.TestNGLoginLogout"/>
  <testcase name="otherTC11" time="0.0" classname="com.selenium.TestNGLoginLogout"/>
  <testcase name="otherTC12" time="0.001" classname="com.selenium.TestNGLoginLogout"/>
</testsuite> <!-- Default test -->
